23:24:06.531 [main] DEBUG com.intuit.karate.Suite - [config] classpath:karate-config.js
23:24:08.139 [main] INFO  com.intuit.karate - karate.env system property was: null 
23:24:09.399 [main] DEBUG com.intuit.karate - request:
1 > GET https://swapi.dev/api/people/1/
1 > Host: swapi.dev
1 > Connection: Keep-Alive
1 > User-Agent: Apache-HttpClient/4.5.13 (Java/19.0.1)
1 > Accept-Encoding: gzip,deflate


23:24:12.381 [main] DEBUG com.intuit.karate - response time in milliseconds: 2939
1 < 200
1 < Server: nginx/1.16.1
1 < Date: Tue, 22 Nov 2022 02:24:12 GMT
1 < Content-Type: application/json
1 < Transfer-Encoding: chunked
1 < Connection: keep-alive
1 < Vary: Accept, Cookie
1 < X-Frame-Options: SAMEORIGIN
1 < ETag: "ee398610435c328f4d0a4e1b0d2f7bbc"
1 < Allow: GET, HEAD, OPTIONS
1 < Strict-Transport-Security: max-age=15768000
{"films":["https:\/\/swapi.dev\/api\/films\/1\/","https:\/\/swapi.dev\/api\/films\/2\/","https:\/\/swapi.dev\/api\/films\/3\/","https:\/\/swapi.dev\/api\/films\/6\/"],"homeworld":"https:\/\/swapi.dev\/api\/planets\/1\/","gender":"male","skin_color":"fair","edited":"2014-12-20T21:17:56.891000Z","created":"2014-12-09T13:50:51.644000Z","mass":"77","vehicles":["https:\/\/swapi.dev\/api\/vehicles\/14\/","https:\/\/swapi.dev\/api\/vehicles\/30\/"],"url":"https:\/\/swapi.dev\/api\/people\/1\/","hair_color":"blond","birth_year":"19BBY","eye_color":"blue","species":[],"starships":["https:\/\/swapi.dev\/api\/starships\/12\/","https:\/\/swapi.dev\/api\/starships\/22\/"],"name":"Luke Skywalker","height":"172"}
23:28:03.564 [main] DEBUG com.intuit.karate.Suite - [config] classpath:karate-config.js
23:28:05.535 [main] INFO  com.intuit.karate - karate.env system property was: null 
23:28:06.248 [main] DEBUG com.intuit.karate - request:
1 > GET https://swapi.dev/api/people/1/
1 > Host: swapi.dev
1 > Connection: Keep-Alive
1 > User-Agent: Apache-HttpClient/4.5.13 (Java/19.0.1)
1 > Accept-Encoding: gzip,deflate


23:28:08.546 [main] DEBUG com.intuit.karate - response time in milliseconds: 2251
1 < 200
1 < Server: nginx/1.16.1
1 < Date: Tue, 22 Nov 2022 02:28:08 GMT
1 < Content-Type: application/json
1 < Transfer-Encoding: chunked
1 < Connection: keep-alive
1 < Vary: Accept, Cookie
1 < X-Frame-Options: SAMEORIGIN
1 < ETag: "ee398610435c328f4d0a4e1b0d2f7bbc"
1 < Allow: GET, HEAD, OPTIONS
1 < Strict-Transport-Security: max-age=15768000
{"films":["https:\/\/swapi.dev\/api\/films\/1\/","https:\/\/swapi.dev\/api\/films\/2\/","https:\/\/swapi.dev\/api\/films\/3\/","https:\/\/swapi.dev\/api\/films\/6\/"],"homeworld":"https:\/\/swapi.dev\/api\/planets\/1\/","gender":"male","skin_color":"fair","edited":"2014-12-20T21:17:56.891000Z","created":"2014-12-09T13:50:51.644000Z","mass":"77","vehicles":["https:\/\/swapi.dev\/api\/vehicles\/14\/","https:\/\/swapi.dev\/api\/vehicles\/30\/"],"url":"https:\/\/swapi.dev\/api\/people\/1\/","hair_color":"blond","birth_year":"19BBY","eye_color":"blue","species":[],"starships":["https:\/\/swapi.dev\/api\/starships\/12\/","https:\/\/swapi.dev\/api\/starships\/22\/"],"name":"Luke Skywalker","height":"172"}
23:28:08.683 [main] INFO  com.intuit.karate - karate.env system property was: null 
23:28:08.703 [main] DEBUG com.intuit.karate - request:
1 > GET https://swapi.dev/api/people/1/1234
1 > Host: swapi.dev
1 > Connection: Keep-Alive
1 > User-Agent: Apache-HttpClient/4.5.13 (Java/19.0.1)
1 > Accept-Encoding: gzip,deflate


23:28:10.334 [main] DEBUG com.intuit.karate - response time in milliseconds: 1630
1 < 404
1 < Server: nginx/1.16.1
1 < Date: Tue, 22 Nov 2022 02:28:10 GMT
1 < Content-Type: text/html
1 < Transfer-Encoding: chunked
1 < Connection: keep-alive
1 < X-Frame-Options: SAMEORIGIN
1 < ETag: "06652bbfa1a35126f558de90b1771a66"

<!DOCTYPE html>
<html lang="en">
<head>
  <meta http-equiv="content-type" content="text/html; charset=utf-8">
  <title>Page not found at /api/people/1/1234/</title>
  <meta name="robots" content="NONE,NOARCHIVE">
  <style type="text/css">
    html * { padding:0; margin:0; }
    body * { padding:10px 20px; }
    body * * { padding:0; }
    body { font:small sans-serif; background:#eee; }
    body>div { border-bottom:1px solid #ddd; }
    h1 { font-weight:normal; margin-bottom:.4em; }
    h1 span { font-size:60%; color:#666; font-weight:normal; }
    table { border:none; border-collapse: collapse; width:100%; }
    td, th { vertical-align:top; padding:2px 3px; }
    th { width:12em; text-align:right; color:#666; padding-right:.5em; }
    #info { background:#f6f6f6; }
    #info ol { margin: 0.5em 4em; }
    #info ol li { font-family: monospace; }
    #summary { background: #ffc; }
    #explanation { background:#eee; border-bottom: 0px none; }
  </style>
</head>
<body>
  <div id="summary">
    <h1>Page not found <span>(404)</span></h1>
    <table class="meta">
      <tr>
        <th>Request Method:</th>
        <td>GET</td>
      </tr>
      <tr>
        <th>Request URL:</th>
      <td>https://swapi.dev/api/people/1/1234/</td>
      </tr>
    </table>
  </div>
  <div id="info">
    
      <p>
      Using the URLconf defined in <code>swapi.urls</code>,
      Django tried these URL patterns, in this order:
      </p>
      <ol>
        
          <li>
            
                ^admin/
                
            
          </li>
        
          <li>
            
                ^$
                
            
          </li>
        
          <li>
            
                ^documentation$
                
            
          </li>
        
          <li>
            
                ^about$
                
            
          </li>
        
          <li>
            
                ^stats$
                
            
          </li>
        
          <li>
            
                ^stripe/donation
                
            
          </li>
        
          <li>
            
                ^api/people/schema$
                
            
          </li>
        
          <li>
            
                ^api/planets/schema$
                
            
          </li>
        
          <li>
            
                ^api/films/schema$
                
            
          </li>
        
          <li>
            
                ^api/species/schema$
                
            
          </li>
        
          <li>
            
                ^api/vehicles/schema$
                
            
          </li>
        
          <li>
            
                ^api/starships/schema$
                
            
          </li>
        
          <li>
            
                ^api/
                
            
                ^$
                [name='api-root']
            
          </li>
        
          <li>
            
                ^api/
                
            
                ^\.(?P&lt;format&gt;[a-z0-9]+)$
                [name='api-root']
            
          </li>
        
          <li>
            
                ^api/
                
            
                ^people/$
                [name='people-list']
            
          </li>
        
          <li>
            
                ^api/
                
            
                ^people/\.(?P&lt;format&gt;[a-z0-9]+)$
                [name='people-list']
            
          </li>
        
          <li>
            
                ^api/
                
            
                ^people/(?P&lt;pk&gt;[^/.]+)/$
                [name='people-detail']
            
          </li>
        
          <li>
            
                ^api/
                
            
                ^people/(?P&lt;pk&gt;[^/.]+)/\.(?P&lt;format&gt;[a-z0-9]+)$
                [name='people-detail']
            
          </li>
        
          <li>
            
                ^api/
                
            
                ^planets/$
                [name='planet-list']
            
          </li>
        
          <li>
            
                ^api/
                
            
                ^planets/\.(?P&lt;format&gt;[a-z0-9]+)$
                [name='planet-list']
            
          </li>
        
          <li>
            
                ^api/
                
            
                ^planets/(?P&lt;pk&gt;[^/.]+)/$
                [name='planet-detail']
            
          </li>
        
          <li>
            
                ^api/
                
            
                ^planets/(?P&lt;pk&gt;[^/.]+)/\.(?P&lt;format&gt;[a-z0-9]+)$
                [name='planet-detail']
            
          </li>
        
          <li>
            
                ^api/
                
            
                ^films/$
                [name='film-list']
            
          </li>
        
          <li>
            
                ^api/
                
            
                ^films/\.(?P&lt;format&gt;[a-z0-9]+)$
                [name='film-list']
            
          </li>
        
          <li>
            
                ^api/
                
            
                ^films/(?P&lt;pk&gt;[^/.]+)/$
                [name='film-detail']
            
          </li>
        
          <li>
            
                ^api/
                
            
                ^films/(?P&lt;pk&gt;[^/.]+)/\.(?P&lt;format&gt;[a-z0-9]+)$
                [name='film-detail']
            
          </li>
        
          <li>
            
                ^api/
                
            
                ^species/$
                [name='species-list']
            
          </li>
        
          <li>
            
                ^api/
                
            
                ^species/\.(?P&lt;format&gt;[a-z0-9]+)$
                [name='species-list']
            
          </li>
        
          <li>
            
                ^api/
                
            
                ^species/(?P&lt;pk&gt;[^/.]+)/$
                [name='species-detail']
            
          </li>
        
          <li>
            
                ^api/
                
            
                ^species/(?P&lt;pk&gt;[^/.]+)/\.(?P&lt;format&gt;[a-z0-9]+)$
                [name='species-detail']
            
          </li>
        
          <li>
            
                ^api/
                
            
                ^vehicles/$
                [name='vehicle-list']
            
          </li>
        
          <li>
            
                ^api/
                
            
                ^vehicles/\.(?P&lt;format&gt;[a-z0-9]+)$
                [name='vehicle-list']
            
          </li>
        
          <li>
            
                ^api/
                
            
                ^vehicles/(?P&lt;pk&gt;[^/.]+)/$
                [name='vehicle-detail']
            
          </li>
        
          <li>
            
                ^api/
                
            
                ^vehicles/(?P&lt;pk&gt;[^/.]+)/\.(?P&lt;format&gt;[a-z0-9]+)$
                [name='vehicle-detail']
            
          </li>
        
          <li>
            
                ^api/
                
            
                ^starships/$
                [name='starship-list']
            
          </li>
        
          <li>
            
                ^api/
                
            
                ^starships/\.(?P&lt;format&gt;[a-z0-9]+)$
                [name='starship-list']
            
          </li>
        
          <li>
            
                ^api/
                
            
                ^starships/(?P&lt;pk&gt;[^/.]+)/$
                [name='starship-detail']
            
          </li>
        
          <li>
            
                ^api/
                
            
                ^starships/(?P&lt;pk&gt;[^/.]+)/\.(?P&lt;format&gt;[a-z0-9]+)$
                [name='starship-detail']
            
          </li>
        
      </ol>
      <p>The current URL, <code>api/people/1/1234/</code>, didn't match any of these.</p>
    
  </div>

  <div id="explanation">
    <p>
      You're seeing this error because you have <code>DEBUG = True</code> in
      your Django settings file. Change that to <code>False</code>, and Django
      will display a standard 404 page.
    </p>
  </div>
</body>
</html>

